# JRE version: Java(TM) SE Runtime Environment (7.0_75-b13) (build 1.7.0_75-b13)
# Java VM: Java HotSpot(TM) 64-Bit Server VM (24.75-b04 mixed mode windows-amd64 compressed oops)
Heap
 PSYoungGen      total 290816K, used 237778K [0x00000000eaa80000, 0x0000000100000000, 0x0000000100000000)
  eden space 256512K, 92% used [0x00000000eaa80000,0x00000000f92b49b8,0x00000000fa500000)
  from space 34304K, 0% used [0x00000000fa500000,0x00000000fa500000,0x00000000fc680000)
  to   space 49152K, 0% used [0x00000000fd000000,0x00000000fd000000,0x0000000100000000)
 ParOldGen       total 154112K, used 136700K [0x00000000c0000000, 0x00000000c9680000, 0x00000000eaa80000)
  object space 154112K, 88% used [0x00000000c0000000,0x00000000c857f290,0x00000000c9680000)
 PSPermGen       total 139264K, used 100397K [0x00000000b0000000, 0x00000000b8800000, 0x00000000c0000000)
  object space 139264K, 72% used [0x00000000b0000000,0x00000000b620b6c0,0x00000000b8800000)
GC Heap History (10 events):
Event: 268.377 GC heap before
{Heap before GC invocations=21 (full 2):
 PSYoungGen      total 293376K, used 93362K [0x00000000eaa80000, 0x0000000100000000, 0x0000000100000000)
  eden space 255488K, 21% used [0x00000000eaa80000,0x00000000ee0acca8,0x00000000fa400000)
  from space 37888K, 99% used [0x00000000fdb00000,0x00000000fffffdd0,0x0000000100000000)
  to   space 47104K, 0% used [0x00000000fa400000,0x00000000fa400000,0x00000000fd200000)
 ParOldGen       total 154112K, used 92943K [0x00000000c0000000, 0x00000000c9680000, 0x00000000eaa80000)
  object space 154112K, 60% used [0x00000000c0000000,0x00000000c5ac3c18,0x00000000c9680000)
 PSPermGen       total 109056K, used 80172K [0x00000000b0000000, 0x00000000b6a80000, 0x00000000c0000000)
  object space 109056K, 73% used [0x00000000b0000000,0x00000000b4e4b260,0x00000000b6a80000)
Event: 268.396 GC heap after
Heap after GC invocations=21 (full 2):
 PSYoungGen      total 302592K, used 3818K [0x00000000eaa80000, 0x0000000100000000, 0x0000000100000000)
  eden space 255488K, 0% used [0x00000000eaa80000,0x00000000eaa80000,0x00000000fa400000)
  from space 47104K, 8% used [0x00000000fa400000,0x00000000fa7baaa0,0x00000000fd200000)
  to   space 46080K, 0% used [0x00000000fd300000,0x00000000fd300000,0x0000000100000000)
 ParOldGen       total 154112K, used 126466K [0x00000000c0000000, 0x00000000c9680000, 0x00000000eaa80000)
  object space 154112K, 82% used [0x00000000c0000000,0x00000000c7b809a8,0x00000000c9680000)
 PSPermGen       total 109056K, used 80172K [0x00000000b0000000, 0x00000000b6a80000, 0x00000000c0000000)
  object space 109056K, 73% used [0x00000000b0000000,0x00000000b4e4b260,0x00000000b6a80000)
}
Event: 268.396 GC heap before
{Heap before GC invocations=22 (full 3):
 PSYoungGen      total 302592K, used 3818K [0x00000000eaa80000, 0x0000000100000000, 0x0000000100000000)
  eden space 255488K, 0% used [0x00000000eaa80000,0x00000000eaa80000,0x00000000fa400000)
  from space 47104K, 8% used [0x00000000fa400000,0x00000000fa7baaa0,0x00000000fd200000)
  to   space 46080K, 0% used [0x00000000fd300000,0x00000000fd300000,0x0000000100000000)
 ParOldGen       total 154112K, used 126466K [0x00000000c0000000, 0x00000000c9680000, 0x00000000eaa80000)
  object space 154112K, 82% used [0x00000000c0000000,0x00000000c7b809a8,0x00000000c9680000)
 PSPermGen       total 109056K, used 80172K [0x00000000b0000000, 0x00000000b6a80000, 0x00000000c0000000)
  object space 109056K, 73% used [0x00000000b0000000,0x00000000b4e4b260,0x00000000b6a80000)
Event: 269.138 GC heap after
Heap after GC invocations=22 (full 3):
 PSYoungGen      total 302592K, used 0K [0x00000000eaa80000, 0x0000000100000000, 0x0000000100000000)
  eden space 255488K, 0% used [0x00000000eaa80000,0x00000000eaa80000,0x00000000fa400000)
  from space 47104K, 0% used [0x00000000fa400000,0x00000000fa400000,0x00000000fd200000)
  to   space 46080K, 0% used [0x00000000fd300000,0x00000000fd300000,0x0000000100000000)
 ParOldGen       total 154112K, used 105624K [0x00000000c0000000, 0x00000000c9680000, 0x00000000eaa80000)
  object space 154112K, 68% used [0x00000000c0000000,0x00000000c67263a0,0x00000000c9680000)
 PSPermGen       total 126464K, used 80050K [0x00000000b0000000, 0x00000000b7b80000, 0x00000000c0000000)
  object space 126464K, 63% used [0x00000000b0000000,0x00000000b4e2cbc0,0x00000000b7b80000)
}
Event: 518.338 GC heap before
{Heap before GC invocations=23 (full 3):
 PSYoungGen      total 302592K, used 255488K [0x00000000eaa80000, 0x0000000100000000, 0x0000000100000000)
  eden space 255488K, 100% used [0x00000000eaa80000,0x00000000fa400000,0x00000000fa400000)
  from space 47104K, 0% used [0x00000000fa400000,0x00000000fa400000,0x00000000fd200000)
  to   space 46080K, 0% used [0x00000000fd300000,0x00000000fd300000,0x0000000100000000)
 ParOldGen       total 154112K, used 105624K [0x00000000c0000000, 0x00000000c9680000, 0x00000000eaa80000)
  object space 154112K, 68% used [0x00000000c0000000,0x00000000c67263a0,0x00000000c9680000)
 PSPermGen       total 126464K, used 86932K [0x00000000b0000000, 0x00000000b7b80000, 0x00000000c0000000)
  object space 126464K, 68% used [0x00000000b0000000,0x00000000b54e5078,0x00000000b7b80000)
Event: 518.350 GC heap after
Heap after GC invocations=23 (full 3):
 PSYoungGen      total 300544K, used 21432K [0x00000000eaa80000, 0x00000000ffe00000, 0x0000000100000000)
  eden space 256512K, 0% used [0x00000000eaa80000,0x00000000eaa80000,0x00000000fa500000)
  from space 44032K, 48% used [0x00000000fd300000,0x00000000fe7ee250,0x00000000ffe00000)
  to   space 45568K, 0% used [0x00000000fa500000,0x00000000fa500000,0x00000000fd180000)
 ParOldGen       total 154112K, used 105624K [0x00000000c0000000, 0x00000000c9680000, 0x00000000eaa80000)
  object space 154112K, 68% used [0x00000000c0000000,0x00000000c67263a0,0x00000000c9680000)
 PSPermGen       total 126464K, used 86932K [0x00000000b0000000, 0x00000000b7b80000, 0x00000000c0000000)
  object space 126464K, 68% used [0x00000000b0000000,0x00000000b54e5078,0x00000000b7b80000)
}
Event: 520.118 GC heap before
{Heap before GC invocations=24 (full 3):
 PSYoungGen      total 300544K, used 209645K [0x00000000eaa80000, 0x00000000ffe00000, 0x0000000100000000)
  eden space 256512K, 73% used [0x00000000eaa80000,0x00000000f624d1e8,0x00000000fa500000)
  from space 44032K, 48% used [0x00000000fd300000,0x00000000fe7ee250,0x00000000ffe00000)
  to   space 45568K, 0% used [0x00000000fa500000,0x00000000fa500000,0x00000000fd180000)
 ParOldGen       total 154112K, used 105624K [0x00000000c0000000, 0x00000000c9680000, 0x00000000eaa80000)
  object space 154112K, 68% used [0x00000000c0000000,0x00000000c67263a0,0x00000000c9680000)
 PSPermGen       total 126464K, used 93573K [0x00000000b0000000, 0x00000000b7b80000, 0x00000000c0000000)
  object space 126464K, 73% used [0x00000000b0000000,0x00000000b5b617d8,0x00000000b7b80000)
Event: 520.136 GC heap after
Heap after GC invocations=24 (full 3):
 PSYoungGen      total 290816K, used 34230K [0x00000000eaa80000, 0x0000000100000000, 0x0000000100000000)
  eden space 256512K, 0% used [0x00000000eaa80000,0x00000000eaa80000,0x00000000fa500000)
  from space 34304K, 99% used [0x00000000fa500000,0x00000000fc66d840,0x00000000fc680000)
  to   space 49152K, 0% used [0x00000000fd000000,0x00000000fd000000,0x0000000100000000)
 ParOldGen       total 154112K, used 105624K [0x00000000c0000000, 0x00000000c9680000, 0x00000000eaa80000)
  object space 154112K, 68% used [0x00000000c0000000,0x00000000c67263a0,0x00000000c9680000)
 PSPermGen       total 126464K, used 93573K [0x00000000b0000000, 0x00000000b7b80000, 0x00000000c0000000)
  object space 126464K, 73% used [0x00000000b0000000,0x00000000b5b617d8,0x00000000b7b80000)
}
Event: 520.136 GC heap before
{Heap before GC invocations=25 (full 4):
 PSYoungGen      total 290816K, used 34230K [0x00000000eaa80000, 0x0000000100000000, 0x0000000100000000)
  eden space 256512K, 0% used [0x00000000eaa80000,0x00000000eaa80000,0x00000000fa500000)
  from space 34304K, 99% used [0x00000000fa500000,0x00000000fc66d840,0x00000000fc680000)
  to   space 49152K, 0% used [0x00000000fd000000,0x00000000fd000000,0x0000000100000000)
 ParOldGen       total 154112K, used 105624K [0x00000000c0000000, 0x00000000c9680000, 0x00000000eaa80000)
  object space 154112K, 68% used [0x00000000c0000000,0x00000000c67263a0,0x00000000c9680000)
 PSPermGen       total 126464K, used 93573K [0x00000000b0000000, 0x00000000b7b80000, 0x00000000c0000000)
  object space 126464K, 73% used [0x00000000b0000000,0x00000000b5b617d8,0x00000000b7b80000)
Event: 520.969 GC heap after
Heap after GC invocations=25 (full 4):
 PSYoungGen      total 290816K, used 0K [0x00000000eaa80000, 0x0000000100000000, 0x0000000100000000)
  eden space 256512K, 0% used [0x00000000eaa80000,0x00000000eaa80000,0x00000000fa500000)
  from space 34304K, 0% used [0x00000000fa500000,0x00000000fa500000,0x00000000fc680000)
  to   space 49152K, 0% used [0x00000000fd000000,0x00000000fd000000,0x0000000100000000)
 ParOldGen       total 154112K, used 136700K [0x00000000c0000000, 0x00000000c9680000, 0x00000000eaa80000)
  object space 154112K, 88% used [0x00000000c0000000,0x00000000c857f290,0x00000000c9680000)
 PSPermGen       total 139264K, used 93495K [0x00000000b0000000, 0x00000000b8800000, 0x00000000c0000000)
  object space 139264K, 67% used [0x00000000b0000000,0x00000000b5b4de68,0x00000000b8800000)
}

